Jun-13 15:40:13.626 [main] DEBUG nextflow.cli.Launcher - $> nextflow run workflows/hpv_ngs.nf
Jun-13 15:40:13.731 [main] DEBUG nextflow.cli.CmdRun - N E X T F L O W  ~  version 26.04.3
Jun-13 15:40:13.755 [main] DEBUG nextflow.plugin.PluginsFacade - Setting up plugin manager > mode=prod; embedded=false; plugins-dir=/Users/sudarshanaryal/.nextflow/plugins; core-plugins: nf-amazon@3.9.1,nf-azure@1.22.5,nf-cloudcache@0.6.0,nf-codecommit@0.5.2,nf-console@1.3.0,nf-google@1.27.3,nf-k8s@1.5.4,nf-seqera@0.20.1,nf-tower@1.28.0,nf-wave@1.21.0
Jun-13 15:40:13.788 [main] INFO  o.pf4j.DefaultPluginStatusProvider - Enabled plugins: []
Jun-13 15:40:13.788 [main] INFO  o.pf4j.DefaultPluginStatusProvider - Disabled plugins: []
Jun-13 15:40:13.791 [main] INFO  org.pf4j.DefaultPluginManager - PF4J version 3.14.1 in 'deployment' mode
Jun-13 15:40:13.805 [main] DEBUG nextflow.util.RetryConfig - Missing nextflow session - using default retry config
Jun-13 15:40:13.929 [main] DEBUG nextflow.plugin.PluginUpdater - Using plugin repository: HttpPluginRepository [registry]; url=https://registry.nextflow.io/api
Jun-13 15:40:13.932 [main] INFO  org.pf4j.AbstractPluginManager - No plugins
Jun-13 15:40:13.955 [main] DEBUG nextflow.config.ConfigBuilder - Found config local: /Users/sudarshanaryal/Desktop/test/hpv_ngs_pipeline/nextflow.config
Jun-13 15:40:13.957 [main] DEBUG nextflow.config.ConfigBuilder - Parsing config file: /Users/sudarshanaryal/Desktop/test/hpv_ngs_pipeline/nextflow.config
Jun-13 15:40:13.960 [main] DEBUG nextflow.config.ConfigParserFactory - Using config parser v2
Jun-13 15:40:13.973 [main] DEBUG nextflow.config.ConfigBuilder - Applying config profile: `standard`
Jun-13 15:40:14.280 [main] DEBUG nextflow.plugin.PluginsFacade - Plugins default=[]
Jun-13 15:40:14.280 [main] DEBUG nextflow.plugin.PluginsFacade - Plugins resolved requirement=[]
Jun-13 15:40:14.293 [main] DEBUG n.secret.LocalSecretsProvider - Secrets store: /Users/sudarshanaryal/.nextflow/secrets/store.json
Jun-13 15:40:14.295 [main] DEBUG nextflow.secret.SecretsLoader - Discovered secrets providers: [nextflow.secret.LocalSecretsProvider@4c7e978c] - activable => nextflow.secret.LocalSecretsProvider@4c7e978c
Jun-13 15:40:14.308 [main] DEBUG nextflow.cli.CmdRun - Launching `workflows/hpv_ngs.nf` [jolly_meitner] - revision: 93795b4b1d
Jun-13 15:40:14.365 [main] DEBUG nextflow.Session - Session UUID: 6f002692-1235-40c1-8cd7-3b7b207fe8e9
Jun-13 15:40:14.365 [main] DEBUG nextflow.Session - Run name: jolly_meitner
Jun-13 15:40:14.365 [main] DEBUG nextflow.Session - Executor pool size: 10
Jun-13 15:40:14.372 [main] DEBUG nextflow.file.FilePorter - File porter settings maxRetries=3; maxTransfers=50; pollTimeout=null
Jun-13 15:40:14.375 [main] DEBUG nextflow.util.ThreadPoolBuilder - Creating thread pool 'FileTransfer' minSize=10; maxSize=30; workQueue=LinkedBlockingQueue[-1]; allowCoreThreadTimeout=false
Jun-13 15:40:14.402 [main] DEBUG nextflow.cli.CmdRun - 
  Version: 26.04.3 build 12259
  Created: 28-05-2026 08:48 UTC (14:18 IST)
  System: Mac OS X 15.5
  Runtime: Groovy 4.0.31 on OpenJDK 64-Bit Server VM 23.0.2+7
  Encoding: UTF-8 (UTF-8)
  Process: 16883@Mac.mshome.net [192.168.137.176]
  CPUs: 10 - Mem: 16 GB (1.1 GB) - Swap: 0 (0)
Jun-13 15:40:14.412 [main] DEBUG nextflow.Session - Work-dir: /Users/sudarshanaryal/Desktop/test/hpv_ngs_pipeline/work [Mac OS X]
Jun-13 15:40:14.412 [main] DEBUG nextflow.Session - Script base path does not exist or is not a directory: /Users/sudarshanaryal/Desktop/test/hpv_ngs_pipeline/workflows/bin
Jun-13 15:40:14.419 [main] DEBUG nextflow.executor.ExecutorFactory - Extension executors providers=[]
Jun-13 15:40:14.427 [main] DEBUG nextflow.Session - Observer factory (v2): LinObserverFactory
Jun-13 15:40:14.428 [main] DEBUG nextflow.Session - Observer factory (v2): DefaultObserverFactory
Jun-13 15:40:14.465 [main] DEBUG nextflow.cache.CacheFactory - Using Nextflow cache factory: nextflow.cache.DefaultCacheFactory
Jun-13 15:40:14.472 [main] DEBUG nextflow.util.CustomThreadPool - Creating default thread pool > poolSize: 11; maxThreads: 1000
Jun-13 15:40:14.524 [main] DEBUG nextflow.Session - Session start
Jun-13 15:40:14.529 [main] DEBUG nextflow.script.ScriptLoaderFactory - Using script parser v2
Jun-13 15:40:14.758 [main] DEBUG nextflow.script.ScriptRunner - > Launching execution
Jun-13 15:40:14.863 [main] DEBUG nextflow.executor.ExecutorFactory - << taskConfig executor: null
Jun-13 15:40:14.864 [main] DEBUG nextflow.executor.ExecutorFactory - >> processorType: 'local'
Jun-13 15:40:14.871 [main] DEBUG nextflow.executor.Executor - [warm up] executor > local
Jun-13 15:40:14.878 [main] DEBUG n.processor.LocalPollingMonitor - Creating local task monitor for executor 'local' > cpus=10; memory=16 GB; capacity=10; pollInterval=100ms; dumpInterval=5m
Jun-13 15:40:14.881 [main] DEBUG n.processor.TaskPollingMonitor - >>> barrier register (monitor: local)
Jun-13 15:40:14.914 [main] DEBUG nextflow.processor.TaskProcessor - Creating process 'RUN_HPV_PIPELINE': maxForks=0; fair=false; array=0
Jun-13 15:40:14.950 [main] INFO  nextflow.script.BaseScript - 
Jun-13 15:40:14.951 [main] INFO  nextflow.script.BaseScript - === HPV NGS pipeline (Nextflow wrapper) finished ===
Jun-13 15:40:14.952 [main] INFO  nextflow.script.BaseScript - Outputs organized under data/trimmed, data/alignment, data/coverage, data/logs, data/reports
Jun-13 15:40:14.952 [main] DEBUG nextflow.Session - Process names: RUN_HPV_PIPELINE
Jun-13 15:40:14.953 [main] DEBUG nextflow.Session - Igniting dataflow network (1)
Jun-13 15:40:14.954 [main] DEBUG nextflow.processor.TaskProcessor - Starting process > RUN_HPV_PIPELINE
Jun-13 15:40:14.954 [main] DEBUG nextflow.script.ScriptRunner - Parsed script files:
  Main: /Users/sudarshanaryal/Desktop/test/hpv_ngs_pipeline/workflows/hpv_ngs.nf
Jun-13 15:40:14.954 [main] DEBUG nextflow.script.ScriptRunner - > Awaiting termination 
Jun-13 15:40:14.954 [main] DEBUG nextflow.Session - Session await
Jun-13 15:40:15.262 [Task submitter] DEBUG n.executor.local.LocalTaskHandler - Launch cmd line: /bin/bash -ue .command.run
Jun-13 15:40:15.264 [Task submitter] INFO  nextflow.Session - [5b/29899e] Submitted process > RUN_HPV_PIPELINE (7936_S200)
Jun-13 15:41:04.031 [Task monitor] DEBUG n.processor.TaskPollingMonitor - Task completed > TaskHandler[id: 1; name: RUN_HPV_PIPELINE (7936_S200); status: COMPLETED; exit: 0; error: -; workDir: /Users/sudarshanaryal/Desktop/test/hpv_ngs_pipeline/work/5b/29899ea2868788ec8321740708ffbf]
Jun-13 15:41:04.032 [Task monitor] DEBUG nextflow.util.ThreadPoolBuilder - Creating thread pool 'TaskFinalizer' minSize=10; maxSize=30; workQueue=LinkedBlockingQueue[-1]; allowCoreThreadTimeout=false
Jun-13 15:41:04.045 [main] DEBUG nextflow.Session - Session await > all processes finished
Jun-13 15:41:04.133 [Task monitor] DEBUG n.processor.TaskPollingMonitor - <<< barrier arrives (monitor: local) - terminating tasks monitor poll loop
Jun-13 15:41:04.133 [main] DEBUG nextflow.Session - Session await > all barriers passed
Jun-13 15:41:04.135 [main] DEBUG nextflow.util.ThreadPoolManager - Thread pool 'TaskFinalizer' shutdown completed (hard=false)
Jun-13 15:41:04.141 [main] DEBUG n.trace.WorkflowStatsObserver - Workflow completed > WorkflowStats[succeededCount=1; failedCount=0; ignoredCount=0; cachedCount=0; pendingCount=0; submittedCount=0; runningCount=0; retriesCount=0; abortedCount=0; succeedDuration=48.7s; failedDuration=0ms; cachedDuration=0ms;loadCpus=0; loadMemory=0; peakRunning=1; peakCpus=1; peakMemory=0; ]
Jun-13 15:41:04.188 [main] DEBUG nextflow.cache.CacheDB - Closing CacheDB done
Jun-13 15:41:04.200 [main] DEBUG nextflow.util.ThreadPoolManager - Thread pool 'FileTransfer' shutdown completed (hard=false)
Jun-13 15:41:04.200 [main] DEBUG nextflow.script.ScriptRunner - > Execution complete -- Goodbye
